<?xml version="1.0" encoding="UTF-8"?>
<!-- Generated by org.testng.reporters.JUnitReportReporter -->
<testsuite hostname="LAPTOP-A8UH4QRG" failures="0" tests="1" name="Testcases.loginTest" time="0.012" errors="0" timestamp="2021-05-19T21:08:41 IST" skipped="0">
  <testcase classname="Testcases.loginTest" name="validLogin" time="0.012"/>
  <system-out/>
</testsuite> <!-- Testcases.loginTest -->
