<?xml version="1.0" encoding="UTF-8"?>
<!-- Generated by org.testng.reporters.JUnitReportReporter -->
<testsuite skipped="0" hostname="LAPTOP-A8UH4QRG" name="Testcases.aboutUsTest" tests="2" failures="0" timestamp="2021-05-19T22:17:04 IST" time="0.004" errors="0">
  <testcase name="invalidAboutUs" time="0.004" classname="Testcases.aboutUsTest"/>
  <system-out/>
  <testcase name="validAboutUs" time="0.000" classname="Testcases.aboutUsTest"/>
  <system-out/>
</testsuite> <!-- Testcases.aboutUsTest -->
