<?xml version="1.0" encoding="UTF-8"?>
<!-- Generated by org.testng.reporters.JUnitReportReporter -->
<testsuite skipped="0" hostname="LAPTOP-A8UH4QRG" name="Testcases.loginTest" tests="2" failures="0" timestamp="2021-05-19T22:17:04 IST" time="0.003" errors="0">
  <testcase name="invalidLogin" time="0.001" classname="Testcases.loginTest"/>
  <system-out/>
  <testcase name="validLogin" time="0.002" classname="Testcases.loginTest"/>
  <system-out/>
</testsuite> <!-- Testcases.loginTest -->
