<?xml version="1.0" encoding="UTF-8"?>
<!-- Generated by org.testng.reporters.JUnitReportReporter -->
<testsuite skipped="0" hostname="LAPTOP-A8UH4QRG" name="Testcases.homeTest" tests="2" failures="0" timestamp="2021-05-19T22:17:04 IST" time="0.002" errors="0">
  <testcase name="invalidHome" time="0.001" classname="Testcases.homeTest"/>
  <system-out/>
  <testcase name="validHome" time="0.001" classname="Testcases.homeTest"/>
  <system-out/>
</testsuite> <!-- Testcases.homeTest -->
